###############################################################################
#                                                                             #
# IAR C/C++ Compiler V8.10.3.10338/W32 for 8051         12/Nov/2017  15:14:12 #
# Copyright 2004-2011 IAR Systems AB.                                         #
#                                                                             #
#    Core               =  plain                                              #
#    Code model         =  banked                                             #
#    Data model         =  large                                              #
#    Calling convention =  xdata reentrant                                    #
#    Constant location  =  data_rom                                           #
#    Dptr setup         =  1,16                                               #
#    Source file        =  D:\FileInstall\ZStack-CC2530-2.5.1a_GreenRoom\Proj #
#                          ects\zstack\Samples\GreenClassroom_NetWork\Source\ #
#                          hal_switch_detect.c                                #
#    Command line       =  -f D:\FileInstall\ZStack-CC2530-2.5.1a_GreenRoom\P #
#                          rojects\zstack\Samples\GreenClassroom_NetWork\CC25 #
#                          30DB\..\..\..\Tools\CC2530DB\f8wCoord.cfg          #
#                          (-DCPU32MHZ -DROOT=__near_func                     #
#                          -DMAC_CFG_APP_PENDING_QUEUE=TRUE                   #
#                          -DMAC_CFG_TX_DATA_MAX=5 -DMAC_CFG_TX_MAX=8         #
#                          -DMAC_CFG_RX_MAX=5 -DZDO_COORDINATOR -DRTR_NWK)    #
#                          -f D:\FileInstall\ZStack-CC2530-2.5.1a_GreenRoom\P #
#                          rojects\zstack\Samples\GreenClassroom_NetWork\CC25 #
#                          30DB\..\..\..\Tools\CC2530DB\f8wConfig.cfg         #
#                          (-DZIGBEEPRO -DSECURE=0 -DZG_SECURE_DYNAMIC=0      #
#                          -DREFLECTOR -DDEFAULT_CHANLIST=0x00000800          #
#                          -DZDAPP_CONFIG_PAN_ID=0xFFFF                       #
#                          -DNWK_START_DELAY=100 -DEXTENDED_JOINING_RANDOM_MA #
#                          SK=0x007F -DBEACON_REQUEST_DELAY=100               #
#                          -DBEACON_REQ_DELAY_MASK=0x00FF                     #
#                          -DLINK_STATUS_JITTER_MASK=0x007F                   #
#                          -DROUTE_EXPIRY_TIME=30 -DAPSC_ACK_WAIT_DURATION_PO #
#                          LLED=3000 -DNWK_INDIRECT_MSG_TIMEOUT=7             #
#                          -DMAX_RREQ_ENTRIES=8 -DAPSC_MAX_FRAME_RETRIES=3    #
#                          -DNWK_MAX_DATA_RETRIES=2                           #
#                          -DMAX_POLL_FAILURE_RETRIES=2 -DMAX_BCAST=9         #
#                          -DAPS_MAX_GROUPS=16 -DMAX_RTG_ENTRIES=40           #
#                          -DNWK_MAX_BINDING_ENTRIES=4                        #
#                          -DMAX_BINDING_CLUSTER_IDS=4 "-DDEFAULT_KEY={0x01,  #
#                          0x03, 0x05, 0x07, 0x09, 0x0B, 0x0D, 0x0F, 0x00,    #
#                          0x02, 0x04, 0x06, 0x08, 0x0A, 0x0C, 0x0D}"         #
#                          -DMAC_MAX_FRAME_SIZE=116                           #
#                          -DZDNWKMGR_MIN_TRANSMISSIONS=20 "-DCONST=const     #
#                          __code" -DGENERIC=__generic                        #
#                          -DRFD_RCVC_ALWAYS_ON=FALSE -DPOLL_RATE=1000        #
#                          -DQUEUED_POLL_RATE=100 -DRESPONSE_POLL_RATE=100)   #
#                          -DREJOIN_POLL_RATE=440 D:\FileInstall\ZStack-CC253 #
#                          0-2.5.1a_GreenRoom\Projects\zstack\Samples\GreenCl #
#                          assroom_NetWork\Source\hal_switch_detect.c -D      #
#                          ZTOOL_P1 -D MT_TASK -D MT_SYS_FUNC -D MT_ZDO_FUNC  #
#                          -D LCD_SUPPORTED=DEBUG -lC                         #
#                          D:\FileInstall\ZStack-CC2530-2.5.1a_GreenRoom\Proj #
#                          ects\zstack\Samples\GreenClassroom_NetWork\CC2530D #
#                          B\CoordinatorEB\List\ -lA                          #
#                          D:\FileInstall\ZStack-CC2530-2.5.1a_GreenRoom\Proj #
#                          ects\zstack\Samples\GreenClassroom_NetWork\CC2530D #
#                          B\CoordinatorEB\List\ --diag_suppress Pe001,Pa010  #
#                          -o D:\FileInstall\ZStack-CC2530-2.5.1a_GreenRoom\P #
#                          rojects\zstack\Samples\GreenClassroom_NetWork\CC25 #
#                          30DB\CoordinatorEB\Obj\ -e --no_code_motion        #
#                          --debug --core=plain --dptr=16,1                   #
#                          --data_model=large --code_model=banked             #
#                          --calling_convention=xdata_reentrant               #
#                          --place_constants=data_rom --nr_virtual_regs 16    #
#                          -I D:\FileInstall\ZStack-CC2530-2.5.1a_GreenRoom\P #
#                          rojects\zstack\Samples\GreenClassroom_NetWork\CC25 #
#                          30DB\ -I D:\FileInstall\ZStack-CC2530-2.5.1a_Green #
#                          Room\Projects\zstack\Samples\GreenClassroom_NetWor #
#                          k\CC2530DB\..\Source\ -I                           #
#                          D:\FileInstall\ZStack-CC2530-2.5.1a_GreenRoom\Proj #
#                          ects\zstack\Samples\GreenClassroom_NetWork\CC2530D #
#                          B\..\..\..\ZMain\TI2530DB\ -I                      #
#                          D:\FileInstall\ZStack-CC2530-2.5.1a_GreenRoom\Proj #
#                          ects\zstack\Samples\GreenClassroom_NetWork\CC2530D #
#                          B\..\..\..\..\..\Components\hal\include\ -I        #
#                          D:\FileInstall\ZStack-CC2530-2.5.1a_GreenRoom\Proj #
#                          ects\zstack\Samples\GreenClassroom_NetWork\CC2530D #
#                          B\..\..\..\..\..\Components\hal\target\CC2530EB\   #
#                          -I D:\FileInstall\ZStack-CC2530-2.5.1a_GreenRoom\P #
#                          rojects\zstack\Samples\GreenClassroom_NetWork\CC25 #
#                          30DB\..\..\..\..\..\Components\mac\include\ -I     #
#                          D:\FileInstall\ZStack-CC2530-2.5.1a_GreenRoom\Proj #
#                          ects\zstack\Samples\GreenClassroom_NetWork\CC2530D #
#                          B\..\..\..\..\..\Components\mac\high_level\ -I     #
#                          D:\FileInstall\ZStack-CC2530-2.5.1a_GreenRoom\Proj #
#                          ects\zstack\Samples\GreenClassroom_NetWork\CC2530D #
#                          B\..\..\..\..\..\Components\mac\low_level\srf04\   #
#                          -I D:\FileInstall\ZStack-CC2530-2.5.1a_GreenRoom\P #
#                          rojects\zstack\Samples\GreenClassroom_NetWork\CC25 #
#                          30DB\..\..\..\..\..\Components\mac\low_level\srf04 #
#                          \single_chip\ -I D:\FileInstall\ZStack-CC2530-2.5. #
#                          1a_GreenRoom\Projects\zstack\Samples\GreenClassroo #
#                          m_NetWork\CC2530DB\..\..\..\..\..\Components\mt\   #
#                          -I D:\FileInstall\ZStack-CC2530-2.5.1a_GreenRoom\P #
#                          rojects\zstack\Samples\GreenClassroom_NetWork\CC25 #
#                          30DB\..\..\..\..\..\Components\osal\include\ -I    #
#                          D:\FileInstall\ZStack-CC2530-2.5.1a_GreenRoom\Proj #
#                          ects\zstack\Samples\GreenClassroom_NetWork\CC2530D #
#                          B\..\..\..\..\..\Components\services\saddr\ -I     #
#                          D:\FileInstall\ZStack-CC2530-2.5.1a_GreenRoom\Proj #
#                          ects\zstack\Samples\GreenClassroom_NetWork\CC2530D #
#                          B\..\..\..\..\..\Components\services\sdata\ -I     #
#                          D:\FileInstall\ZStack-CC2530-2.5.1a_GreenRoom\Proj #
#                          ects\zstack\Samples\GreenClassroom_NetWork\CC2530D #
#                          B\..\..\..\..\..\Components\stack\af\ -I           #
#                          D:\FileInstall\ZStack-CC2530-2.5.1a_GreenRoom\Proj #
#                          ects\zstack\Samples\GreenClassroom_NetWork\CC2530D #
#                          B\..\..\..\..\..\Components\stack\nwk\ -I          #
#                          D:\FileInstall\ZStack-CC2530-2.5.1a_GreenRoom\Proj #
#                          ects\zstack\Samples\GreenClassroom_NetWork\CC2530D #
#                          B\..\..\..\..\..\Components\stack\sapi\ -I         #
#                          D:\FileInstall\ZStack-CC2530-2.5.1a_GreenRoom\Proj #
#                          ects\zstack\Samples\GreenClassroom_NetWork\CC2530D #
#                          B\..\..\..\..\..\Components\stack\sec\ -I          #
#                          D:\FileInstall\ZStack-CC2530-2.5.1a_GreenRoom\Proj #
#                          ects\zstack\Samples\GreenClassroom_NetWork\CC2530D #
#                          B\..\..\..\..\..\Components\stack\sys\ -I          #
#                          D:\FileInstall\ZStack-CC2530-2.5.1a_GreenRoom\Proj #
#                          ects\zstack\Samples\GreenClassroom_NetWork\CC2530D #
#                          B\..\..\..\..\..\Components\stack\zdo\ -I          #
#                          D:\FileInstall\ZStack-CC2530-2.5.1a_GreenRoom\Proj #
#                          ects\zstack\Samples\GreenClassroom_NetWork\CC2530D #
#                          B\..\..\..\..\..\Components\zmac\ -I               #
#                          D:\FileInstall\ZStack-CC2530-2.5.1a_GreenRoom\Proj #
#                          ects\zstack\Samples\GreenClassroom_NetWork\CC2530D #
#                          B\..\..\..\..\..\Components\zmac\f8w\ -Ohz         #
#                          --require_prototypes                               #
#    List file          =  D:\FileInstall\ZStack-CC2530-2.5.1a_GreenRoom\Proj #
#                          ects\zstack\Samples\GreenClassroom_NetWork\CC2530D #
#                          B\CoordinatorEB\List\hal_switch_detect.lst         #
#    Object file        =  D:\FileInstall\ZStack-CC2530-2.5.1a_GreenRoom\Proj #
#                          ects\zstack\Samples\GreenClassroom_NetWork\CC2530D #
#                          B\CoordinatorEB\Obj\hal_switch_detect.r51          #
#                                                                             #
#                                                                             #
###############################################################################

D:\FileInstall\ZStack-CC2530-2.5.1a_GreenRoom\Projects\zstack\Samples\GreenClassroom_NetWork\Source\hal_switch_detect.c
      1          #include "hal_drivers.h"
      2          #include "hal_switch_detect.h"
      3          #include "iocc2530.h"

   \                                 In  segment SFR_AN, at 0x80
   \   union <unnamed> volatile __sfr _A_P0
   \                     _A_P0:
   \   000000                DS 1

   \                                 In  segment SFR_AN, at 0x8f
   \   unsigned char volatile __sfr P0INP
   \                     P0INP:
   \   000000                DS 1

   \                                 In  segment SFR_AN, at 0xf3
   \   unsigned char volatile __sfr P0SEL
   \                     P0SEL:
   \   000000                DS 1

   \                                 In  segment SFR_AN, at 0xfd
   \   unsigned char volatile __sfr P0DIR
   \                     P0DIR:
   \   000000                DS 1
      4          #include "osal.h"
      5          #include "hal_mcu.h"
      6          #include "body_detect_events.h"
      7          #include "hal_step_motor.h"
      8          #include "hal_led.h"
      9          #include "GreenRoom.h"
     10          
     11          extern bool led_state;  //当前教室灯光工作状态
     12          extern uint8 GenericApp_TaskID;

   \                                 In  segment XDATA_Z, align 1, keep-with-next
     13          bool pinPreDisturbState = false; 
   \                     pinPreDisturbState:
   \   000000                DS 1
   \   000001                REQUIRE __INIT_XDATA_Z
     14           

   \                                 In  segment BANKED_CODE, align 1, keep-with-next
     15          void hal_switch_detect_init( void )
   \                     hal_switch_detect_init:
     16          {
   \   000000                ; Saved register size: 0
   \   000000                ; Auto size: 0
     17          /***********************    说明   ******************************************* 
     18          ******************************************************************************/
     19            // 该引脚接收开关的信号--》模拟教室的开关
     20            P0SEL &= ~BV(5); // 设置P0_5引脚功能为通用I/O
   \   000000   53F3DF       ANL     0xf3,#0xdf
     21            P0DIR &= ~BV(5); 
   \   000003   53FDDF       ANL     0xfd,#0xdf
     22            P0INP &= ~BV(5);
   \   000006   538FDF       ANL     0x8f,#0xdf
     23          }
   \   000009   02....       LJMP    ?BRET
   \   00000C                REQUIRE P0SEL
   \   00000C                REQUIRE P0DIR
   \   00000C                REQUIRE P0INP
     24          

   \                                 In  segment BANKED_CODE, align 1, keep-with-next
     25          void hal_switch_detect_state_machine( void )
   \                     hal_switch_detect_state_machine:
     26          {
   \   000000   74F7         MOV     A,#-0x9
   \   000002   12....       LCALL   ?BANKED_ENTER_XDATA
   \   000005                ; Saved register size: 9
   \   000005                ; Auto size: 0
     27              
     28            bool pinDisturbState;
     29            pinDisturbState = hal_disturb_read();
   \   000005   A285         MOV     C,0x80.5
   \   000007   E4           CLR     A
   \   000008   33           RLC     A
   \   000009   FE           MOV     R6,A
     30            
     31            // 进行了人为开关切换,将状态切换到人为干扰状态
     32            if (pinPreDisturbState != pinDisturbState) {
   \   00000A   90....       MOV     DPTR,#pinPreDisturbState
   \   00000D   E0           MOVX    A,@DPTR
   \   00000E   6E           XRL     A,R6
   \   00000F   6029         JZ      ??hal_switch_detect_state_machine_0
     33              if ( switch_state ) {
   \   000011   90....       MOV     DPTR,#switch_state
   \   000014   E0           MOVX    A,@DPTR
   \   000015   6012         JZ      ??hal_switch_detect_state_machine_1
     34                  osal_set_event( GenericApp_TaskID, STOP_WORK_EVT );  // 通知应用层“传感器不工作”
   \   000017                ; Setup parameters for call to function osal_set_event
   \   000017   7A00         MOV     R2,#0x0
   \   000019   7B10         MOV     R3,#0x10
   \   00001B   90....       MOV     DPTR,#GenericApp_TaskID
   \   00001E   E0           MOVX    A,@DPTR
   \   00001F   F9           MOV     R1,A
   \   000020   12....       LCALL   ??osal_set_event?relay
     35              } 
     36              
     37              if ( !switch_state ){       
   \   000023   90....       MOV     DPTR,#switch_state
   \   000026   E0           MOVX    A,@DPTR
   \   000027   700C         JNZ     ??hal_switch_detect_state_machine_2
     38                osal_set_event( GenericApp_TaskID, START_WORK_EVT );  // 通知应用层“传感器不工作”
   \                     ??hal_switch_detect_state_machine_1:
   \   000029                ; Setup parameters for call to function osal_set_event
   \   000029   7A00         MOV     R2,#0x0
   \   00002B   7B20         MOV     R3,#0x20
   \   00002D   90....       MOV     DPTR,#GenericApp_TaskID
   \   000030   E0           MOVX    A,@DPTR
   \   000031   F9           MOV     R1,A
   \   000032   12....       LCALL   ??osal_set_event?relay
     39              } 
     40              pinPreDisturbState = pinDisturbState;
   \                     ??hal_switch_detect_state_machine_2:
   \   000035   EE           MOV     A,R6
   \   000036   90....       MOV     DPTR,#pinPreDisturbState
   \   000039   F0           MOVX    @DPTR,A
     41            }
     42            
     43          }
   \                     ??hal_switch_detect_state_machine_0:
   \   00003A   7F01         MOV     R7,#0x1
   \   00003C   02....       LJMP    ?BANKED_LEAVE_XDATA
   \   00003F                REQUIRE _A_P0
     44          
     45          // 返回开关

   \                                 In  segment BANKED_CODE, align 1, keep-with-next
     46          bool hal_disturb_read( void )
   \                     hal_disturb_read:
     47          {
   \   000000                ; Saved register size: 0
   \   000000                ; Auto size: 0
     48            return P0_5;
   \   000000   A285         MOV     C,0x80.5
   \   000002   E4           CLR     A
   \   000003   33           RLC     A
   \   000004   F9           MOV     R1,A
   \   000005   02....       LJMP    ?BRET
   \   000008                REQUIRE _A_P0
     49          }

   \                                 In  segment BANK_RELAYS, align 1
   \                     ??hal_switch_detect_init?relay:
   \   000000   12....       LCALL   ?BDISPATCH
   \   000003   ......       DC24    hal_switch_detect_init

   \                                 In  segment BANK_RELAYS, align 1
   \                     ??hal_switch_detect_state_machine?relay:
   \   000000   12....       LCALL   ?BDISPATCH
   \   000003   ......       DC24    hal_switch_detect_state_machine

   \                                 In  segment BANK_RELAYS, align 1
   \                     ??hal_disturb_read?relay:
   \   000000   12....       LCALL   ?BDISPATCH
   \   000003   ......       DC24    hal_disturb_read
     50          

   Maximum stack usage in bytes:

     Function                       ISTACK PSTACK XSTACK
     --------                       ------ ------ ------
     hal_disturb_read                   0      0      0
     hal_switch_detect_init             0      0      0
     hal_switch_detect_state_machine
                                        0      0      9
       -> osal_set_event                0      0     18
       -> osal_set_event                0      0     18


   Segment part sizes:

     Function/Label                          Bytes
     --------------                          -----
     _A_P0                                      1
     P0INP                                      1
     P0SEL                                      1
     P0DIR                                      1
     pinPreDisturbState                         1
     hal_switch_detect_init                    12
     hal_switch_detect_state_machine
                                               63
     hal_disturb_read                           8
     ??hal_switch_detect_init?relay             6
     ??hal_switch_detect_state_machine?relay    6
     ??hal_disturb_read?relay                   6

 
 83 bytes in segment BANKED_CODE
 18 bytes in segment BANK_RELAYS
  4 bytes in segment SFR_AN
  1 byte  in segment XDATA_Z
 
 101 bytes of CODE  memory
   0 bytes of DATA  memory (+ 4 bytes shared)
   1 byte  of XDATA memory

Errors: none
Warnings: none
