###############################################################################
#                                                                             #
# IAR C/C++ Compiler V8.10.3.10338/W32 for 8051         13/Nov/2017  07:14:04 #
# Copyright 2004-2011 IAR Systems AB.                                         #
#                                                                             #
#    Core               =  plain                                              #
#    Code model         =  banked                                             #
#    Data model         =  large                                              #
#    Calling convention =  xdata reentrant                                    #
#    Constant location  =  data_rom                                           #
#    Dptr setup         =  1,16                                               #
#    Source file        =  D:\FileInstall\ZStack-CC2530-2.5.1a_GreenRoom\Proj #
#                          ects\zstack\Samples\GreenClassroom_NetWork\Source\ #
#                          KeyMsg.c                                           #
#    Command line       =  -f D:\FileInstall\ZStack-CC2530-2.5.1a_GreenRoom\P #
#                          rojects\zstack\Samples\GreenClassroom_NetWork\CC25 #
#                          30DB\..\..\..\Tools\CC2530DB\f8wCoord.cfg          #
#                          (-DCPU32MHZ -DROOT=__near_func                     #
#                          -DMAC_CFG_APP_PENDING_QUEUE=TRUE                   #
#                          -DMAC_CFG_TX_DATA_MAX=5 -DMAC_CFG_TX_MAX=8         #
#                          -DMAC_CFG_RX_MAX=5 -DZDO_COORDINATOR -DRTR_NWK)    #
#                          -f D:\FileInstall\ZStack-CC2530-2.5.1a_GreenRoom\P #
#                          rojects\zstack\Samples\GreenClassroom_NetWork\CC25 #
#                          30DB\..\..\..\Tools\CC2530DB\f8wConfig.cfg         #
#                          (-DZIGBEEPRO -DSECURE=0 -DZG_SECURE_DYNAMIC=0      #
#                          -DREFLECTOR -DDEFAULT_CHANLIST=0x00000800          #
#                          -DZDAPP_CONFIG_PAN_ID=0xFFFF                       #
#                          -DNWK_START_DELAY=100 -DEXTENDED_JOINING_RANDOM_MA #
#                          SK=0x007F -DBEACON_REQUEST_DELAY=100               #
#                          -DBEACON_REQ_DELAY_MASK=0x00FF                     #
#                          -DLINK_STATUS_JITTER_MASK=0x007F                   #
#                          -DROUTE_EXPIRY_TIME=30 -DAPSC_ACK_WAIT_DURATION_PO #
#                          LLED=3000 -DNWK_INDIRECT_MSG_TIMEOUT=7             #
#                          -DMAX_RREQ_ENTRIES=8 -DAPSC_MAX_FRAME_RETRIES=3    #
#                          -DNWK_MAX_DATA_RETRIES=2                           #
#                          -DMAX_POLL_FAILURE_RETRIES=2 -DMAX_BCAST=9         #
#                          -DAPS_MAX_GROUPS=16 -DMAX_RTG_ENTRIES=40           #
#                          -DNWK_MAX_BINDING_ENTRIES=4                        #
#                          -DMAX_BINDING_CLUSTER_IDS=4 "-DDEFAULT_KEY={0x01,  #
#                          0x03, 0x05, 0x07, 0x09, 0x0B, 0x0D, 0x0F, 0x00,    #
#                          0x02, 0x04, 0x06, 0x08, 0x0A, 0x0C, 0x0D}"         #
#                          -DMAC_MAX_FRAME_SIZE=116                           #
#                          -DZDNWKMGR_MIN_TRANSMISSIONS=20 "-DCONST=const     #
#                          __code" -DGENERIC=__generic                        #
#                          -DRFD_RCVC_ALWAYS_ON=FALSE -DPOLL_RATE=1000        #
#                          -DQUEUED_POLL_RATE=100 -DRESPONSE_POLL_RATE=100)   #
#                          -DREJOIN_POLL_RATE=440 D:\FileInstall\ZStack-CC253 #
#                          0-2.5.1a_GreenRoom\Projects\zstack\Samples\GreenCl #
#                          assroom_NetWork\Source\KeyMsg.c -D ZTOOL_P1 -D     #
#                          MT_TASK -D MT_SYS_FUNC -D MT_ZDO_FUNC -D           #
#                          LCD_SUPPORTED=DEBUG -lC D:\FileInstall\ZStack-CC25 #
#                          30-2.5.1a_GreenRoom\Projects\zstack\Samples\GreenC #
#                          lassroom_NetWork\CC2530DB\CoordinatorEB\List\ -lA  #
#                          D:\FileInstall\ZStack-CC2530-2.5.1a_GreenRoom\Proj #
#                          ects\zstack\Samples\GreenClassroom_NetWork\CC2530D #
#                          B\CoordinatorEB\List\ --diag_suppress Pe001,Pa010  #
#                          -o D:\FileInstall\ZStack-CC2530-2.5.1a_GreenRoom\P #
#                          rojects\zstack\Samples\GreenClassroom_NetWork\CC25 #
#                          30DB\CoordinatorEB\Obj\ -e --no_code_motion        #
#                          --debug --core=plain --dptr=16,1                   #
#                          --data_model=large --code_model=banked             #
#                          --calling_convention=xdata_reentrant               #
#                          --place_constants=data_rom --nr_virtual_regs 16    #
#                          -I D:\FileInstall\ZStack-CC2530-2.5.1a_GreenRoom\P #
#                          rojects\zstack\Samples\GreenClassroom_NetWork\CC25 #
#                          30DB\ -I D:\FileInstall\ZStack-CC2530-2.5.1a_Green #
#                          Room\Projects\zstack\Samples\GreenClassroom_NetWor #
#                          k\CC2530DB\..\Source\ -I                           #
#                          D:\FileInstall\ZStack-CC2530-2.5.1a_GreenRoom\Proj #
#                          ects\zstack\Samples\GreenClassroom_NetWork\CC2530D #
#                          B\..\..\..\ZMain\TI2530DB\ -I                      #
#                          D:\FileInstall\ZStack-CC2530-2.5.1a_GreenRoom\Proj #
#                          ects\zstack\Samples\GreenClassroom_NetWork\CC2530D #
#                          B\..\..\..\..\..\Components\hal\include\ -I        #
#                          D:\FileInstall\ZStack-CC2530-2.5.1a_GreenRoom\Proj #
#                          ects\zstack\Samples\GreenClassroom_NetWork\CC2530D #
#                          B\..\..\..\..\..\Components\hal\target\CC2530EB\   #
#                          -I D:\FileInstall\ZStack-CC2530-2.5.1a_GreenRoom\P #
#                          rojects\zstack\Samples\GreenClassroom_NetWork\CC25 #
#                          30DB\..\..\..\..\..\Components\mac\include\ -I     #
#                          D:\FileInstall\ZStack-CC2530-2.5.1a_GreenRoom\Proj #
#                          ects\zstack\Samples\GreenClassroom_NetWork\CC2530D #
#                          B\..\..\..\..\..\Components\mac\high_level\ -I     #
#                          D:\FileInstall\ZStack-CC2530-2.5.1a_GreenRoom\Proj #
#                          ects\zstack\Samples\GreenClassroom_NetWork\CC2530D #
#                          B\..\..\..\..\..\Components\mac\low_level\srf04\   #
#                          -I D:\FileInstall\ZStack-CC2530-2.5.1a_GreenRoom\P #
#                          rojects\zstack\Samples\GreenClassroom_NetWork\CC25 #
#                          30DB\..\..\..\..\..\Components\mac\low_level\srf04 #
#                          \single_chip\ -I D:\FileInstall\ZStack-CC2530-2.5. #
#                          1a_GreenRoom\Projects\zstack\Samples\GreenClassroo #
#                          m_NetWork\CC2530DB\..\..\..\..\..\Components\mt\   #
#                          -I D:\FileInstall\ZStack-CC2530-2.5.1a_GreenRoom\P #
#                          rojects\zstack\Samples\GreenClassroom_NetWork\CC25 #
#                          30DB\..\..\..\..\..\Components\osal\include\ -I    #
#                          D:\FileInstall\ZStack-CC2530-2.5.1a_GreenRoom\Proj #
#                          ects\zstack\Samples\GreenClassroom_NetWork\CC2530D #
#                          B\..\..\..\..\..\Components\services\saddr\ -I     #
#                          D:\FileInstall\ZStack-CC2530-2.5.1a_GreenRoom\Proj #
#                          ects\zstack\Samples\GreenClassroom_NetWork\CC2530D #
#                          B\..\..\..\..\..\Components\services\sdata\ -I     #
#                          D:\FileInstall\ZStack-CC2530-2.5.1a_GreenRoom\Proj #
#                          ects\zstack\Samples\GreenClassroom_NetWork\CC2530D #
#                          B\..\..\..\..\..\Components\stack\af\ -I           #
#                          D:\FileInstall\ZStack-CC2530-2.5.1a_GreenRoom\Proj #
#                          ects\zstack\Samples\GreenClassroom_NetWork\CC2530D #
#                          B\..\..\..\..\..\Components\stack\nwk\ -I          #
#                          D:\FileInstall\ZStack-CC2530-2.5.1a_GreenRoom\Proj #
#                          ects\zstack\Samples\GreenClassroom_NetWork\CC2530D #
#                          B\..\..\..\..\..\Components\stack\sapi\ -I         #
#                          D:\FileInstall\ZStack-CC2530-2.5.1a_GreenRoom\Proj #
#                          ects\zstack\Samples\GreenClassroom_NetWork\CC2530D #
#                          B\..\..\..\..\..\Components\stack\sec\ -I          #
#                          D:\FileInstall\ZStack-CC2530-2.5.1a_GreenRoom\Proj #
#                          ects\zstack\Samples\GreenClassroom_NetWork\CC2530D #
#                          B\..\..\..\..\..\Components\stack\sys\ -I          #
#                          D:\FileInstall\ZStack-CC2530-2.5.1a_GreenRoom\Proj #
#                          ects\zstack\Samples\GreenClassroom_NetWork\CC2530D #
#                          B\..\..\..\..\..\Components\stack\zdo\ -I          #
#                          D:\FileInstall\ZStack-CC2530-2.5.1a_GreenRoom\Proj #
#                          ects\zstack\Samples\GreenClassroom_NetWork\CC2530D #
#                          B\..\..\..\..\..\Components\zmac\ -I               #
#                          D:\FileInstall\ZStack-CC2530-2.5.1a_GreenRoom\Proj #
#                          ects\zstack\Samples\GreenClassroom_NetWork\CC2530D #
#                          B\..\..\..\..\..\Components\zmac\f8w\ -Ohz         #
#                          --require_prototypes                               #
#    List file          =  D:\FileInstall\ZStack-CC2530-2.5.1a_GreenRoom\Proj #
#                          ects\zstack\Samples\GreenClassroom_NetWork\CC2530D #
#                          B\CoordinatorEB\List\KeyMsg.lst                    #
#    Object file        =  D:\FileInstall\ZStack-CC2530-2.5.1a_GreenRoom\Proj #
#                          ects\zstack\Samples\GreenClassroom_NetWork\CC2530D #
#                          B\CoordinatorEB\Obj\KeyMsg.r51                     #
#                                                                             #
#                                                                             #
###############################################################################

D:\FileInstall\ZStack-CC2530-2.5.1a_GreenRoom\Projects\zstack\Samples\GreenClassroom_NetWork\Source\KeyMsg.c
      1          #include "KeyMsg.h"
      2          #include "OnBoard.h"

   \                                 In  segment SFR_AN, at 0xf5
   \   unsigned char volatile __sfr P2SEL
   \                     P2SEL:
   \   000000                DS 1
      3          #include "hal_led.h"
      4          
      5          static void init(uint8 task_id);
      6          static void process(uint8 key, uint8 isShiftPressed);
      7          extern void Cmd_ON( void );
      8          extern void Cmd_OFF( void );

   \                                 In  segment XDATA_I, align 1, keep-with-next
      9          KEY_MSG_t keyMsg = {
   \                     keyMsg:
   \   000000                DS 4
   \   000004                REQUIRE `?<Initializer for keyMsg>`
   \   000004                REQUIRE __INIT_XDATA_I
     10            init,
     11            process
     12          };
     13          

   \                                 In  segment XDATA_Z, align 1, keep-with-next
     14          uint8 toggleLed1 = 0;
   \                     toggleLed1:
   \   000000                DS 1
   \   000001                REQUIRE __INIT_XDATA_Z

   \                                 In  segment XDATA_Z, align 1, keep-with-next
     15          uint8 toggleLed2 = 0;
   \                     toggleLed2:
   \   000000                DS 1
   \   000001                REQUIRE __INIT_XDATA_Z
     16          // 按键处理任务注册

   \                                 In  segment BANKED_CODE, align 1, keep-with-next
     17          static void init(uint8 task_id) {
   \                     init:
   \   000000                ; Saved register size: 0
   \   000000                ; Auto size: 0
     18            // RegisterForKeys( task_id ); 
     19            P2SEL &= ~(0x01);
   \   000000   53F5FE       ANL     0xf5,#0xfe
     20              
     21          }
   \   000003   02....       LJMP    ?BRET
   \   000006                REQUIRE P2SEL
     22          
     23          // 判断按键并且相应

   \                                 In  segment BANKED_CODE, align 1, keep-with-next
     24          static void process(uint8 key, uint8 isShiftPressed) {
   \                     process:
   \   000000   74F7         MOV     A,#-0x9
   \   000002   12....       LCALL   ?BANKED_ENTER_XDATA
   \   000005                ; Saved register size: 9
   \   000005                ; Auto size: 0
   \   000005   E9           MOV     A,R1
     25              switch( key ) {
   \   000006   14           DEC     A
   \   000007   6005         JZ      ??process_0
   \   000009   14           DEC     A
   \   00000A   600E         JZ      ??process_1
   \   00000C   8016         SJMP    ??process_2
     26              case KEY_OK:
     27                HalLedSet(HAL_LED_2, HAL_LED_MODE_ON);
   \                     ??process_0:
   \   00000E                ; Setup parameters for call to function HalLedSet
   \   00000E   7A01         MOV     R2,#0x1
   \   000010   7902         MOV     R1,#0x2
   \   000012   12....       LCALL   ??HalLedSet?relay
     28                Cmd_ON();
   \   000015                ; Setup parameters for call to function Cmd_ON
   \   000015   12....       LCALL   ??Cmd_ON?relay
     29                break;
   \   000018   800A         SJMP    ??process_2
     30              case KEY_CANCEL:
     31                HalLedSet(HAL_LED_2, HAL_LED_MODE_OFF);
   \                     ??process_1:
   \   00001A                ; Setup parameters for call to function HalLedSet
   \   00001A   7A00         MOV     R2,#0x0
   \   00001C   7902         MOV     R1,#0x2
   \   00001E   12....       LCALL   ??HalLedSet?relay
     32                Cmd_OFF();
   \   000021                ; Setup parameters for call to function Cmd_OFF
   \   000021   12....       LCALL   ??Cmd_OFF?relay
     33                break;
     34              case KEY_UP:
     35            //    SerialCom.send( "joy stick up\n", sizeof("joy stick up\n") );
     36                break;
     37              case KEY_DOWN:
     38          //      SerialCom.send( "joy stick down\n", sizeof("joy stick down\n") );
     39                break;
     40              case KEY_LEFT:
     41          
     42                break;
     43              case KEY_RIGHT:
     44                break;
     45              case KEY_CENTER:
     46                break;
     47              }
     48          }
   \                     ??process_2:
   \   000024   7F01         MOV     R7,#0x1
   \   000026   02....       LJMP    ?BANKED_LEAVE_XDATA

   \                                 In  segment XDATA_ID, align 1, keep-with-next
   \                     `?<Initializer for keyMsg>`:
   \   000000   ....         DW ??init?relay
   \   000002   ....         DW ??process?relay

   \                                 In  segment BANK_RELAYS, align 1
   \                     ??init?relay:
   \   000000   12....       LCALL   ?BDISPATCH
   \   000003   ......       DC24    init

   \                                 In  segment BANK_RELAYS, align 1
   \                     ??process?relay:
   \   000000   12....       LCALL   ?BDISPATCH
   \   000003   ......       DC24    process

   Maximum stack usage in bytes:

     Function       ISTACK PSTACK XSTACK
     --------       ------ ------ ------
     init               0      0      0
     process            0      0      9
       -> HalLedSet     0      0     18
       -> Cmd_ON        0      0     18
       -> HalLedSet     0      0     18
       -> Cmd_OFF       0      0     18


   Segment part sizes:

     Function/Label            Bytes
     --------------            -----
     P2SEL                        1
     keyMsg                       4
     toggleLed1                   1
     toggleLed2                   1
     init                         6
     process                     41
     ?<Initializer for keyMsg>    4
     ??init?relay                 6
     ??process?relay              6

 
 47 bytes in segment BANKED_CODE
 12 bytes in segment BANK_RELAYS
  1 byte  in segment SFR_AN
  4 bytes in segment XDATA_I
  4 bytes in segment XDATA_ID
  2 bytes in segment XDATA_Z
 
 63 bytes of CODE  memory
  0 bytes of DATA  memory (+ 1 byte shared)
  6 bytes of XDATA memory

Errors: none
Warnings: none
